{
  "RSpec": {
    "coverage": {
      "/app/config/environment.rb": {
        "lines": [
          null,
          1,
          null,
          null,
          1
        ]
      },
      "/app/config/application.rb": {
        "lines": [
          1,
          null,
          1,
          null,
          null,
          null,
          1,
          null,
          1,
          1,
          null,
          1,
          null,
          null,
          null,
          null,
          null,
          null,
          null
        ]
      },
      "/app/config/boot.rb": {
        "lines": [
          1,
          null,
          1,
          1
        ]
      },
      "/app/config/environments/test.rb": {
        "lines": [
          null,
          null,
          null,
          null,
          null,
          1,
          null,
          null,
          1,
          null,
          null,
          null,
          null,
          1,
          null,
          null,
          1,
          1,
          null,
          null,
          null,
          null,
          1,
          1,
          1,
          null,
          null,
          1,
          null,
          null,
          1,
          null,
          null,
          1,
          null,
          1,
          null,
          null,
          null,
          null,
          1,
          null,
          null,
          1,
          null,
          null,
          null,
          null
        ]
      },
      "/app/config/initializers/application_controller_renderer.rb": {
        "lines": [
          null,
          null,
          null,
          null,
          null,
          null,
          null,
          null
        ]
      },
      "/app/config/initializers/assets.rb": {
        "lines": [
          null,
          null,
          null,
          1,
          null,
          null,
          null,
          null,
          1,
          null,
          null,
          null,
          null,
          null
        ]
      },
      "/app/config/initializers/backtrace_silencers.rb": {
        "lines": [
          null,
          null,
          null,
          null,
          null,
          null,
          null
        ]
      },
      "/app/config/initializers/content_security_policy.rb": {
        "lines": [
          null,
          null,
          null,
          null,
          null,
          null,
          null,
          null,
          null,
          null,
          null,
          null,
          null,
          null,
          null,
          null,
          null,
          null,
          null,
          null,
          null,
          null,
          null,
          null,
          null,
          null,
          null,
          null,
          null,
          null
        ]
      },
      "/app/config/initializers/cookies_serializer.rb": {
        "lines": [
          null,
          null,
          null,
          null,
          1
        ]
      },
      "/app/config/initializers/filter_parameter_logging.rb": {
        "lines": [
          null,
          null,
          null,
          1
        ]
      },
      "/app/config/initializers/inflections.rb": {
        "lines": [
          null,
          null,
          null,
          null,
          null,
          null,
          null,
          null,
          null,
          null,
          null,
          null,
          null,
          null,
          null,
          null
        ]
      },
      "/app/config/initializers/mime_types.rb": {
        "lines": [
          null,
          null,
          null,
          null
        ]
      },
      "/app/config/initializers/rails_admin.rb": {
        "lines": [
          1,
          null,
          null,
          null,
          null,
          null,
          null,
          null,
          null,
          null,
          null,
          null,
          null,
          null,
          null,
          null,
          null,
          null,
          null,
          null,
          null,
          null,
          null,
          null,
          null,
          1,
          1,
          1,
          1,
          1,
          1,
          1,
          1,
          1,
          1,
          null,
          null,
          null,
          null,
          null,
          null
        ]
      },
      "/app/config/initializers/wrap_parameters.rb": {
        "lines": [
          null,
          null,
          null,
          null,
          null,
          null,
          1,
          1,
          null,
          null,
          null,
          null,
          null,
          null
        ]
      },
      "/app/spec/factories/brand.rb": {
        "lines": [
          1,
          1,
          1,
          13,
          13,
          11,
          null,
          null,
          1,
          3,
          null,
          null,
          null
        ]
      },
      "/app/spec/factories/feature_values.rb": {
        "lines": [
          1,
          1,
          7,
          1,
          6,
          null,
          null,
          null
        ]
      },
      "/app/spec/factories/features.rb": {
        "lines": [
          1,
          1,
          1,
          7,
          null,
          1,
          6,
          null,
          null,
          null
        ]
      },
      "/app/config/routes.rb": {
        "lines": [
          1,
          1,
          null,
          1,
          1,
          1,
          null
        ]
      },
      "/app/app/helpers/application_helper.rb": {
        "lines": [
          1,
          null
        ]
      },
      "/app/app/helpers/brands_helper.rb": {
        "lines": [
          1,
          null
        ]
      },
      "/app/app/helpers/feature_values_helper.rb": {
        "lines": [
          1,
          null
        ]
      },
      "/app/app/helpers/features_helper.rb": {
        "lines": [
          1,
          null
        ]
      },
      "/app/app/helpers/properties_helper.rb": {
        "lines": [
          1,
          null
        ]
      },
      "/app/app/controllers/brands_controller.rb": {
        "lines": [
          1,
          1,
          4,
          null,
          null,
          null,
          null,
          null,
          null
        ]
      },
      "/app/app/controllers/application_controller.rb": {
        "lines": [
          1,
          null
        ]
      },
      "/app/spec/controllers/feature_values_controller_spec.rb": {
        "lines": [
          1,
          null,
          1,
          1,
          3,
          3,
          3,
          3,
          3,
          null,
          1,
          2,
          null,
          1,
          1,
          null,
          1,
          1,
          null,
          null,
          null
        ]
      },
      "/app/app/controllers/feature_values_controller.rb": {
        "lines": [
          1,
          1,
          2,
          null,
          null
        ]
      },
      "/app/spec/controllers/features_controller_spec.rb": {
        "lines": [
          1,
          null,
          1,
          1,
          3,
          3,
          3,
          null,
          1,
          2,
          null,
          1,
          1,
          null,
          1,
          1,
          null,
          null,
          null
        ]
      },
      "/app/app/controllers/features_controller.rb": {
        "lines": [
          1,
          1,
          2,
          null,
          null
        ]
      },
      "/app/app/models/brand.rb": {
        "lines": [
          1,
          29,
          null,
          1,
          null
        ]
      },
      "/app/app/models/application_record.rb": {
        "lines": [
          1,
          1,
          null
        ]
      },
      "/app/app/models/feature.rb": {
        "lines": [
          1,
          1,
          1,
          null
        ]
      },
      "/app/app/models/feature_value.rb": {
        "lines": [
          1,
          1,
          null
        ]
      }
    },
    "timestamp": 1613146159
  }
}
